
///////////////////////////////////
// Efinity Synthesis Started 
// Jun 09, 2022 21:36:12
///////////////////////////////////

[EFX-0010 VERI-ERROR] instantiating unknown module 'cpu_clk' (VERI-1063) (/home/byron/Projects/super6502/hw/efinix_fpga/super6502.sv:92)
[EFX-0021 ERROR] Verific elaboration of module 'super6502' failed.

///////////////////////////////////
// Efinity Synthesis Started 
// Jun 09, 2022 21:36:40
///////////////////////////////////

[EFX-0010 VERI-ERROR] instantiating unknown module 'memory_mapper' (VERI-1063) (/home/byron/Projects/super6502/hw/efinix_fpga/super6502.sv:118)
[EFX-0021 ERROR] Verific elaboration of module 'super6502' failed.

///////////////////////////////////
// Efinity Synthesis Started 
// Jun 09, 2022 21:42:28
///////////////////////////////////

[EFX-0010 VERI-ERROR] instantiating unknown module 'sdram_platform' (VERI-1063) (/home/byron/Projects/super6502/hw/efinix_fpga/sdram.sv:85)
[EFX-0021 ERROR] Verific elaboration of module 'super6502' failed.

///////////////////////////////////
// Efinity Synthesis Started 
// Jun 11, 2022 12:05:39
///////////////////////////////////

[EFX-0010 VERI-ERROR] instantiating unknown module 'sdram_platform' (VERI-1063) (/home/byron/Projects/super6502/hw/efinix_fpga/sdram.sv:85)
[EFX-0021 ERROR] Verific elaboration of module 'super6502' failed.

///////////////////////////////////
// Efinity Synthesis Started 
// Jun 11, 2022 19:19:40
///////////////////////////////////

[EFX-0010 VERI-ERROR] overwriting previous definition of module 'sdram' (VERI-1206) (/home/byron/Projects/super6502/hw/efinix_fpga/ip/sdram/sdram.v:174)
[EFX-0010 VERI-ERROR] module 'axi4_sdram_controller_2fa8b2362acf42f5841c22a03034c8fb' is ignored due to previous errors (VERI-1072) (/home/byron/Projects/super6502/hw/efinix_fpga/ip/sdram/sdram.v:1006)
[EFX-0010 VERI-ERROR] module 'dual_clock_fifo_wrapper_2fa8b2362acf42f5841c22a03034c8fb' is ignored due to previous errors (VERI-1072) (/home/byron/Projects/super6502/hw/efinix_fpga/ip/sdram/sdram.v:1327)
[EFX-0010 VERI-ERROR] module 'dual_clock_fifo_2fa8b2362acf42f5841c22a03034c8fb' is ignored due to previous errors (VERI-1072) (/home/byron/Projects/super6502/hw/efinix_fpga/ip/sdram/sdram.v:1740)
[EFX-0010 VERI-ERROR] module 'efx_sdram_controller_2fa8b2362acf42f5841c22a03034c8fb' is ignored due to previous errors (VERI-1072) (/home/byron/Projects/super6502/hw/efinix_fpga/ip/sdram/sdram.v:2308)
[EFX-0010 VERI-ERROR] module 'sdram_controller_2fa8b2362acf42f5841c22a03034c8fb' is ignored due to previous errors (VERI-1072) (/home/byron/Projects/super6502/hw/efinix_fpga/ip/sdram/sdram.v:2585)
[EFX-0010 VERI-ERROR] module 'sdram_fsm_2fa8b2362acf42f5841c22a03034c8fb' is ignored due to previous errors (VERI-1072) (/home/byron/Projects/super6502/hw/efinix_fpga/ip/sdram/sdram.v:3419)
[EFX-0010 VERI-ERROR] module 'sdram_io_block_2fa8b2362acf42f5841c22a03034c8fb' is ignored due to previous errors (VERI-1072) (/home/byron/Projects/super6502/hw/efinix_fpga/ip/sdram/sdram.v:3784)
[EFX-0010 VERI-ERROR] module 'sdram_simple_dual_port_ram_2fa8b2362acf42f5841c22a03034c8fb' is ignored due to previous errors (VERI-1072) (/home/byron/Projects/super6502/hw/efinix_fpga/ip/sdram/sdram.v:3948)
[EFX-0010 VERI-ERROR] module 'sync_ddio_group_in_2fa8b2362acf42f5841c22a03034c8fb' is ignored due to previous errors (VERI-1072) (/home/byron/Projects/super6502/hw/efinix_fpga/ip/sdram/sdram.v:4066)
[EFX-0010 VERI-ERROR] module 'sync_ddio_group_out_2fa8b2362acf42f5841c22a03034c8fb' is ignored due to previous errors (VERI-1072) (/home/byron/Projects/super6502/hw/efinix_fpga/ip/sdram/sdram.v:4194)

///////////////////////////////////
// Efinity Synthesis Started 
// Jun 11, 2022 19:20:04
///////////////////////////////////

[EFX-0010 VERI-ERROR] cannot find port 'rst' on this module (VERI-1010) (/home/byron/Projects/super6502/hw/efinix_fpga/super6502.sv:155)
[EFX-0010 VERI-ERROR] cannot find port 'clk_50' on this module (VERI-1010) (/home/byron/Projects/super6502/hw/efinix_fpga/super6502.sv:156)
[EFX-0010 VERI-ERROR] cannot find port 'cpu_clk' on this module (VERI-1010) (/home/byron/Projects/super6502/hw/efinix_fpga/super6502.sv:157)
[EFX-0010 VERI-ERROR] cannot find port 'addr' on this module (VERI-1010) (/home/byron/Projects/super6502/hw/efinix_fpga/super6502.sv:158)
[EFX-0010 VERI-ERROR] cannot find port 'sdram_cs' on this module (VERI-1010) (/home/byron/Projects/super6502/hw/efinix_fpga/super6502.sv:159)
[EFX-0010 VERI-ERROR] cannot find port 'rwb' on this module (VERI-1010) (/home/byron/Projects/super6502/hw/efinix_fpga/super6502.sv:160)
[EFX-0010 VERI-ERROR] cannot find port 'data_in' on this module (VERI-1010) (/home/byron/Projects/super6502/hw/efinix_fpga/super6502.sv:161)
[EFX-0010 VERI-ERROR] cannot find port 'data_out' on this module (VERI-1010) (/home/byron/Projects/super6502/hw/efinix_fpga/super6502.sv:162)
[EFX-0010 VERI-ERROR] cannot find port 'DRAM_CLK' on this module (VERI-1010) (/home/byron/Projects/super6502/hw/efinix_fpga/super6502.sv:165)
[EFX-0010 VERI-ERROR] cannot find port 'DRAM_ADDR' on this module (VERI-1010) (/home/byron/Projects/super6502/hw/efinix_fpga/super6502.sv:166)
[EFX-0010 VERI-ERROR] cannot find port 'DRAM_BA' on this module (VERI-1010) (/home/byron/Projects/super6502/hw/efinix_fpga/super6502.sv:167)
[EFX-0010 VERI-ERROR] cannot find port 'DRAM_CAS_N' on this module (VERI-1010) (/home/byron/Projects/super6502/hw/efinix_fpga/super6502.sv:168)
[EFX-0010 VERI-ERROR] cannot find port 'DRAM_CKE' on this module (VERI-1010) (/home/byron/Projects/super6502/hw/efinix_fpga/super6502.sv:169)
[EFX-0010 VERI-ERROR] cannot find port 'DRAM_CS_N' on this module (VERI-1010) (/home/byron/Projects/super6502/hw/efinix_fpga/super6502.sv:170)
[EFX-0010 VERI-ERROR] cannot find port 'DRAM_DQ' on this module (VERI-1010) (/home/byron/Projects/super6502/hw/efinix_fpga/super6502.sv:171)
[EFX-0010 VERI-ERROR] cannot find port 'DRAM_UDQM' on this module (VERI-1010) (/home/byron/Projects/super6502/hw/efinix_fpga/super6502.sv:172)
[EFX-0010 VERI-ERROR] cannot find port 'DRAM_LDQM' on this module (VERI-1010) (/home/byron/Projects/super6502/hw/efinix_fpga/super6502.sv:173)
[EFX-0010 VERI-ERROR] cannot find port 'DRAM_RAS_N' on this module (VERI-1010) (/home/byron/Projects/super6502/hw/efinix_fpga/super6502.sv:174)
[EFX-0010 VERI-ERROR] cannot find port 'DRAM_WE_N' on this module (VERI-1010) (/home/byron/Projects/super6502/hw/efinix_fpga/super6502.sv:175)
[EFX-0021 ERROR] Verific elaboration of module 'super6502' failed.

///////////////////////////////////
// Efinity Synthesis Started 
// Jun 11, 2022 19:20:55
///////////////////////////////////

[EFX-0010 VERI-ERROR] cannot find port 'rst' on this module (VERI-1010) (/home/byron/Projects/super6502/hw/efinix_fpga/super6502.sv:155)
[EFX-0010 VERI-ERROR] cannot find port 'clk_50' on this module (VERI-1010) (/home/byron/Projects/super6502/hw/efinix_fpga/super6502.sv:156)
[EFX-0010 VERI-ERROR] cannot find port 'cpu_clk' on this module (VERI-1010) (/home/byron/Projects/super6502/hw/efinix_fpga/super6502.sv:157)
[EFX-0010 VERI-ERROR] cannot find port 'addr' on this module (VERI-1010) (/home/byron/Projects/super6502/hw/efinix_fpga/super6502.sv:158)
[EFX-0010 VERI-ERROR] cannot find port 'sdram_cs' on this module (VERI-1010) (/home/byron/Projects/super6502/hw/efinix_fpga/super6502.sv:159)
[EFX-0010 VERI-ERROR] cannot find port 'rwb' on this module (VERI-1010) (/home/byron/Projects/super6502/hw/efinix_fpga/super6502.sv:160)
[EFX-0010 VERI-ERROR] cannot find port 'data_in' on this module (VERI-1010) (/home/byron/Projects/super6502/hw/efinix_fpga/super6502.sv:161)
[EFX-0010 VERI-ERROR] cannot find port 'data_out' on this module (VERI-1010) (/home/byron/Projects/super6502/hw/efinix_fpga/super6502.sv:162)
[EFX-0010 VERI-ERROR] cannot find port 'DRAM_CLK' on this module (VERI-1010) (/home/byron/Projects/super6502/hw/efinix_fpga/super6502.sv:165)
[EFX-0010 VERI-ERROR] cannot find port 'DRAM_ADDR' on this module (VERI-1010) (/home/byron/Projects/super6502/hw/efinix_fpga/super6502.sv:166)
[EFX-0010 VERI-ERROR] cannot find port 'DRAM_BA' on this module (VERI-1010) (/home/byron/Projects/super6502/hw/efinix_fpga/super6502.sv:167)
[EFX-0010 VERI-ERROR] cannot find port 'DRAM_CAS_N' on this module (VERI-1010) (/home/byron/Projects/super6502/hw/efinix_fpga/super6502.sv:168)
[EFX-0010 VERI-ERROR] cannot find port 'DRAM_CKE' on this module (VERI-1010) (/home/byron/Projects/super6502/hw/efinix_fpga/super6502.sv:169)
[EFX-0010 VERI-ERROR] cannot find port 'DRAM_CS_N' on this module (VERI-1010) (/home/byron/Projects/super6502/hw/efinix_fpga/super6502.sv:170)
[EFX-0010 VERI-ERROR] cannot find port 'DRAM_DQ' on this module (VERI-1010) (/home/byron/Projects/super6502/hw/efinix_fpga/super6502.sv:171)
[EFX-0010 VERI-ERROR] cannot find port 'DRAM_UDQM' on this module (VERI-1010) (/home/byron/Projects/super6502/hw/efinix_fpga/super6502.sv:172)
[EFX-0010 VERI-ERROR] cannot find port 'DRAM_LDQM' on this module (VERI-1010) (/home/byron/Projects/super6502/hw/efinix_fpga/super6502.sv:173)
[EFX-0010 VERI-ERROR] cannot find port 'DRAM_RAS_N' on this module (VERI-1010) (/home/byron/Projects/super6502/hw/efinix_fpga/super6502.sv:174)
[EFX-0010 VERI-ERROR] cannot find port 'DRAM_WE_N' on this module (VERI-1010) (/home/byron/Projects/super6502/hw/efinix_fpga/super6502.sv:175)
[EFX-0021 ERROR] Verific elaboration of module 'super6502' failed.

///////////////////////////////////
// Efinity Synthesis Started 
// Jun 11, 2022 19:21:29
///////////////////////////////////

[EFX-0010 VERI-ERROR] instantiating unknown module 'sdram_platform' (VERI-1063) (/home/byron/Projects/super6502/hw/efinix_fpga/sdram_adapter.sv:85)
[EFX-0021 ERROR] Verific elaboration of module 'super6502' failed.

///////////////////////////////////
// Efinity Synthesis Started 
// Jun 11, 2022 19:21:33
///////////////////////////////////

[EFX-0010 VERI-ERROR] instantiating unknown module 'sdram_platform' (VERI-1063) (/home/byron/Projects/super6502/hw/efinix_fpga/sdram_adapter.sv:85)
[EFX-0021 ERROR] Verific elaboration of module 'super6502' failed.

///////////////////////////////////
// Efinity Synthesis Started 
// Jun 13, 2022 19:05:46
///////////////////////////////////

[EFX-0010 VERI-ERROR] 'DQ_GROUP' is not a constant (VERI-1188) (/home/byron/Projects/super6502/hw/efinix_fpga/sdram_adapter.sv:49)
[EFX-0010 VERI-ERROR] module 'sdram_adapter' is ignored due to previous errors (VERI-1072) (/home/byron/Projects/super6502/hw/efinix_fpga/sdram_adapter.sv:68)

///////////////////////////////////
// Efinity Synthesis Started 
// Jun 13, 2022 19:08:09
///////////////////////////////////

[EFX-0010 VERI-ERROR] 'DQ_GROUP' is not a constant (VERI-1188) (/home/byron/Projects/super6502/hw/efinix_fpga/sdram_adapter.sv:49)
[EFX-0010 VERI-ERROR] module 'sdram_adapter' is ignored due to previous errors (VERI-1072) (/home/byron/Projects/super6502/hw/efinix_fpga/sdram_adapter.sv:68)

///////////////////////////////////
// Efinity Synthesis Started 
// Jun 13, 2022 19:08:21
///////////////////////////////////

[EFX-0010 VERI-ERROR] cannot find port 'rst' on this module (VERI-1010) (/home/byron/Projects/super6502/hw/efinix_fpga/super6502.sv:155)
[EFX-0010 VERI-ERROR] cannot find port 'clk_50' on this module (VERI-1010) (/home/byron/Projects/super6502/hw/efinix_fpga/super6502.sv:156)
[EFX-0010 VERI-ERROR] cannot find port 'cpu_clk' on this module (VERI-1010) (/home/byron/Projects/super6502/hw/efinix_fpga/super6502.sv:157)
[EFX-0010 VERI-ERROR] cannot find port 'addr' on this module (VERI-1010) (/home/byron/Projects/super6502/hw/efinix_fpga/super6502.sv:158)
[EFX-0010 VERI-ERROR] cannot find port 'sdram_cs' on this module (VERI-1010) (/home/byron/Projects/super6502/hw/efinix_fpga/super6502.sv:159)
[EFX-0010 VERI-ERROR] cannot find port 'rwb' on this module (VERI-1010) (/home/byron/Projects/super6502/hw/efinix_fpga/super6502.sv:160)
[EFX-0010 VERI-ERROR] cannot find port 'data_in' on this module (VERI-1010) (/home/byron/Projects/super6502/hw/efinix_fpga/super6502.sv:161)
[EFX-0010 VERI-ERROR] cannot find port 'data_out' on this module (VERI-1010) (/home/byron/Projects/super6502/hw/efinix_fpga/super6502.sv:162)
[EFX-0010 VERI-ERROR] cannot find port 'DRAM_CLK' on this module (VERI-1010) (/home/byron/Projects/super6502/hw/efinix_fpga/super6502.sv:165)
[EFX-0010 VERI-ERROR] cannot find port 'DRAM_ADDR' on this module (VERI-1010) (/home/byron/Projects/super6502/hw/efinix_fpga/super6502.sv:166)
[EFX-0010 VERI-ERROR] cannot find port 'DRAM_BA' on this module (VERI-1010) (/home/byron/Projects/super6502/hw/efinix_fpga/super6502.sv:167)
[EFX-0010 VERI-ERROR] cannot find port 'DRAM_CAS_N' on this module (VERI-1010) (/home/byron/Projects/super6502/hw/efinix_fpga/super6502.sv:168)
[EFX-0010 VERI-ERROR] cannot find port 'DRAM_CKE' on this module (VERI-1010) (/home/byron/Projects/super6502/hw/efinix_fpga/super6502.sv:169)
[EFX-0010 VERI-ERROR] cannot find port 'DRAM_CS_N' on this module (VERI-1010) (/home/byron/Projects/super6502/hw/efinix_fpga/super6502.sv:170)
[EFX-0010 VERI-ERROR] cannot find port 'DRAM_DQ' on this module (VERI-1010) (/home/byron/Projects/super6502/hw/efinix_fpga/super6502.sv:171)
[EFX-0010 VERI-ERROR] cannot find port 'DRAM_UDQM' on this module (VERI-1010) (/home/byron/Projects/super6502/hw/efinix_fpga/super6502.sv:172)
[EFX-0010 VERI-ERROR] cannot find port 'DRAM_LDQM' on this module (VERI-1010) (/home/byron/Projects/super6502/hw/efinix_fpga/super6502.sv:173)
[EFX-0010 VERI-ERROR] cannot find port 'DRAM_RAS_N' on this module (VERI-1010) (/home/byron/Projects/super6502/hw/efinix_fpga/super6502.sv:174)
[EFX-0010 VERI-ERROR] cannot find port 'DRAM_WE_N' on this module (VERI-1010) (/home/byron/Projects/super6502/hw/efinix_fpga/super6502.sv:175)
[EFX-0021 ERROR] Verific elaboration of module 'super6502' failed.
